<?xml version="1.0" encoding="UTF-8"?>
<testng-results ignored="0" total="2" passed="2" failed="0" skipped="0">
  <reporter-output>
  </reporter-output>
  <suite started-at="2018-03-08T05:56:21Z" name="Test suite" finished-at="2018-03-08T05:56:24Z" duration-ms="3150">
    <groups>
    </groups>
    <test started-at="2018-03-08T05:56:21Z" name="Test tools" finished-at="2018-03-08T05:56:24Z" duration-ms="3150">
      <class name="choirTestNG.checkEventsTable">
        <test-method is-config="true" signature="beforeMethod()[pri:0, instance:choirTestNG.checkEventsTable@383bfa16]" started-at="2018-03-08T05:56:21Z" name="beforeMethod" finished-at="2018-03-08T05:56:22Z" duration-ms="1421" status="PASS">
          <reporter-output>
          </reporter-output>
        </test-method> <!-- beforeMethod -->
        <test-method signature="f()[pri:0, instance:choirTestNG.checkEventsTable@383bfa16]" started-at="2018-03-08T05:56:22Z" name="f" finished-at="2018-03-08T05:56:22Z" duration-ms="342" status="PASS">
          <reporter-output>
          </reporter-output>
        </test-method> <!-- f -->
        <test-method is-config="true" signature="afterMethod()[pri:0, instance:choirTestNG.checkEventsTable@383bfa16]" started-at="2018-03-08T05:56:22Z" name="afterMethod" finished-at="2018-03-08T05:56:23Z" duration-ms="78" status="PASS">
          <reporter-output>
          </reporter-output>
        </test-method> <!-- afterMethod -->
      </class> <!-- choirTestNG.checkEventsTable -->
      <class name="choirTestNG.checkTablesViewAbsence">
        <test-method is-config="true" signature="beforeMethod()[pri:0, instance:choirTestNG.checkTablesViewAbsence@4d465b11]" started-at="2018-03-08T05:56:23Z" name="beforeMethod" finished-at="2018-03-08T05:56:23Z" duration-ms="863" status="PASS">
          <reporter-output>
          </reporter-output>
        </test-method> <!-- beforeMethod -->
        <test-method signature="f()[pri:0, instance:choirTestNG.checkTablesViewAbsence@4d465b11]" started-at="2018-03-08T05:56:23Z" name="f" finished-at="2018-03-08T05:56:24Z" duration-ms="356" status="PASS">
          <reporter-output>
          </reporter-output>
        </test-method> <!-- f -->
        <test-method is-config="true" signature="afterMethod()[pri:0, instance:choirTestNG.checkTablesViewAbsence@4d465b11]" started-at="2018-03-08T05:56:24Z" name="afterMethod" finished-at="2018-03-08T05:56:24Z" duration-ms="72" status="PASS">
          <reporter-output>
          </reporter-output>
        </test-method> <!-- afterMethod -->
      </class> <!-- choirTestNG.checkTablesViewAbsence -->
    </test> <!-- Test tools -->
  </suite> <!-- Test suite -->
</testng-results>
